2020-01-09 17:10:39.529  INFO 24299 --- [main] c.c.c.ConfigServicePropertySourceLocator : Fetching config from server at : http://localhost:8888
2020-01-09 17:10:39.635  INFO 24299 --- [main] c.c.c.ConfigServicePropertySourceLocator : Connect Timeout Exception on Url - http://localhost:8888. Will be trying the next url if available
2020-01-09 17:10:39.649 ERROR 24299 --- [main] o.s.boot.SpringApplication               : Application run failed

java.lang.IllegalStateException: Could not locate PropertySource and the fail fast property is set, failing
	at org.springframework.cloud.config.client.ConfigServicePropertySourceLocator.locate(ConfigServicePropertySourceLocator.java:147) ~[spring-cloud-config-client-2.2.1.RELEASE.jar:2.2.1.RELEASE]
	at org.springframework.cloud.bootstrap.config.PropertySourceLocator.locateCollection(PropertySourceLocator.java:52) ~[spring-cloud-context-2.2.1.RELEASE.jar:2.2.1.RELEASE]
	at org.springframework.cloud.config.client.ConfigServicePropertySourceLocator.locateCollection(ConfigServicePropertySourceLocator.java:162) ~[spring-cloud-config-client-2.2.1.RELEASE.jar:2.2.1.RELEASE]
	at org.springframework.cloud.bootstrap.config.PropertySourceBootstrapConfiguration.initialize(PropertySourceBootstrapConfiguration.java:101) ~[spring-cloud-context-2.2.1.RELEASE.jar:2.2.1.RELEASE]
	at org.springframework.boot.SpringApplication.applyInitializers(SpringApplication.java:626) [spring-boot-2.2.2.RELEASE.jar:2.2.2.RELEASE]
	at org.springframework.boot.SpringApplication.prepareContext(SpringApplication.java:370) [spring-boot-2.2.2.RELEASE.jar:2.2.2.RELEASE]
	at org.springframework.boot.SpringApplication.run(SpringApplication.java:314) [spring-boot-2.2.2.RELEASE.jar:2.2.2.RELEASE]
	at org.springframework.boot.SpringApplication.run(SpringApplication.java:1226) [spring-boot-2.2.2.RELEASE.jar:2.2.2.RELEASE]
	at org.springframework.boot.SpringApplication.run(SpringApplication.java:1215) [spring-boot-2.2.2.RELEASE.jar:2.2.2.RELEASE]
	at sastra.p2s.fleet.registryserver.FleetRegistryServerApplication.main(FleetRegistryServerApplication.java:12) [classes/:na]
Caused by: org.springframework.web.client.ResourceAccessException: I/O error on GET request for "http://localhost:8888/registry/dev": Connection refused (Connection refused); nested exception is java.net.ConnectException: Connection refused (Connection refused)
	at org.springframework.web.client.RestTemplate.doExecute(RestTemplate.java:751) ~[spring-web-5.2.2.RELEASE.jar:5.2.2.RELEASE]
	at org.springframework.web.client.RestTemplate.execute(RestTemplate.java:677) ~[spring-web-5.2.2.RELEASE.jar:5.2.2.RELEASE]
	at org.springframework.web.client.RestTemplate.exchange(RestTemplate.java:586) ~[spring-web-5.2.2.RELEASE.jar:5.2.2.RELEASE]
	at org.springframework.cloud.config.client.ConfigServicePropertySourceLocator.getRemoteEnvironment(ConfigServicePropertySourceLocator.java:264) ~[spring-cloud-config-client-2.2.1.RELEASE.jar:2.2.1.RELEASE]
	at org.springframework.cloud.config.client.ConfigServicePropertySourceLocator.locate(ConfigServicePropertySourceLocator.java:106) ~[spring-cloud-config-client-2.2.1.RELEASE.jar:2.2.1.RELEASE]
	... 9 common frames omitted
Caused by: java.net.ConnectException: Connection refused (Connection refused)
	at java.net.PlainSocketImpl.socketConnect(Native Method) ~[na:1.8.0_201]
	at java.net.AbstractPlainSocketImpl.doConnect(AbstractPlainSocketImpl.java:350) ~[na:1.8.0_201]
	at java.net.AbstractPlainSocketImpl.connectToAddress(AbstractPlainSocketImpl.java:206) ~[na:1.8.0_201]
	at java.net.AbstractPlainSocketImpl.connect(AbstractPlainSocketImpl.java:188) ~[na:1.8.0_201]
	at java.net.SocksSocketImpl.connect(SocksSocketImpl.java:392) ~[na:1.8.0_201]
	at java.net.Socket.connect(Socket.java:589) ~[na:1.8.0_201]
	at sun.net.NetworkClient.doConnect(NetworkClient.java:175) ~[na:1.8.0_201]
	at sun.net.www.http.HttpClient.openServer(HttpClient.java:463) ~[na:1.8.0_201]
	at sun.net.www.http.HttpClient.openServer(HttpClient.java:558) ~[na:1.8.0_201]
	at sun.net.www.http.HttpClient.<init>(HttpClient.java:242) ~[na:1.8.0_201]
	at sun.net.www.http.HttpClient.New(HttpClient.java:339) ~[na:1.8.0_201]
	at sun.net.www.http.HttpClient.New(HttpClient.java:357) ~[na:1.8.0_201]
	at sun.net.www.protocol.http.HttpURLConnection.getNewHttpClient(HttpURLConnection.java:1220) ~[na:1.8.0_201]
	at sun.net.www.protocol.http.HttpURLConnection.plainConnect0(HttpURLConnection.java:1156) ~[na:1.8.0_201]
	at sun.net.www.protocol.http.HttpURLConnection.plainConnect(HttpURLConnection.java:1050) ~[na:1.8.0_201]
	at sun.net.www.protocol.http.HttpURLConnection.connect(HttpURLConnection.java:984) ~[na:1.8.0_201]
	at org.springframework.http.client.SimpleBufferingClientHttpRequest.executeInternal(SimpleBufferingClientHttpRequest.java:76) ~[spring-web-5.2.2.RELEASE.jar:5.2.2.RELEASE]
	at org.springframework.http.client.AbstractBufferingClientHttpRequest.executeInternal(AbstractBufferingClientHttpRequest.java:48) ~[spring-web-5.2.2.RELEASE.jar:5.2.2.RELEASE]
	at org.springframework.http.client.AbstractClientHttpRequest.execute(AbstractClientHttpRequest.java:53) ~[spring-web-5.2.2.RELEASE.jar:5.2.2.RELEASE]
	at org.springframework.web.client.RestTemplate.doExecute(RestTemplate.java:742) ~[spring-web-5.2.2.RELEASE.jar:5.2.2.RELEASE]
	... 13 common frames omitted

