2020-01-09 17:16:22.329  INFO 25372 --- [main] c.c.c.ConfigServicePropertySourceLocator : Fetching config from server at : http://localhost:8888
2020-01-09 17:16:22.573  INFO 25372 --- [main] c.c.c.ConfigServicePropertySourceLocator : Located environment: name=registry, profiles=[dev], label=null, version=null, state=null
2020-01-09 17:16:22.574  INFO 25372 --- [main] b.c.PropertySourceBootstrapConfiguration : Located property source: [BootstrapPropertySource {name='bootstrapProperties-classpath:/registry-service/registry-dev.yml'}, BootstrapPropertySource {name='bootstrapProperties-classpath:/registry-service/registry.yml'}]
2020-01-09 17:16:22.605  INFO 25372 --- [main] s.p.f.r.FleetRegistryServerApplication   : The following profiles are active: dev
2020-01-09 17:16:23.183  WARN 25372 --- [main] o.s.boot.actuate.endpoint.EndpointId     : Endpoint ID 'service-registry' contains invalid characters, please migrate to a valid format.
2020-01-09 17:16:23.276  INFO 25372 --- [main] o.s.cloud.context.scope.GenericScope     : BeanFactory id=c54cb19c-e248-39cd-a52d-7b87aef0c00b
2020-01-09 17:16:23.508  INFO 25372 --- [main] o.s.b.w.embedded.tomcat.TomcatWebServer  : Tomcat initialized with port(s): 8761 (http)
2020-01-09 17:16:23.516  INFO 25372 --- [main] o.apache.catalina.core.StandardService   : Starting service [Tomcat]
2020-01-09 17:16:23.517  INFO 25372 --- [main] org.apache.catalina.core.StandardEngine  : Starting Servlet engine: [Apache Tomcat/9.0.29]
2020-01-09 17:16:23.596  INFO 25372 --- [main] o.a.c.c.C.[Tomcat].[localhost].[/]       : Initializing Spring embedded WebApplicationContext
2020-01-09 17:16:23.596  INFO 25372 --- [main] o.s.web.context.ContextLoader            : Root WebApplicationContext: initialization completed in 979 ms
2020-01-09 17:16:23.656  WARN 25372 --- [main] c.n.c.sources.URLConfigurationSource     : No URLs will be polled as dynamic configuration sources.
2020-01-09 17:16:23.657  INFO 25372 --- [main] c.n.c.sources.URLConfigurationSource     : To enable URLs as dynamic configuration sources, define System property archaius.configurationSource.additionalUrls or make config.properties available on classpath.
2020-01-09 17:16:23.664  INFO 25372 --- [main] c.netflix.config.DynamicPropertyFactory  : DynamicPropertyFactory is initialized with configuration sources: com.netflix.config.ConcurrentCompositeConfiguration@743e66f7
2020-01-09 17:16:24.023  INFO 25372 --- [main] c.s.j.s.i.a.WebApplicationImpl           : Initiating Jersey application, version 'Jersey: 1.19.1 03/11/2016 02:08 PM'
2020-01-09 17:16:24.071  INFO 25372 --- [main] c.n.d.provider.DiscoveryJerseyProvider   : Using JSON encoding codec LegacyJacksonJson
2020-01-09 17:16:24.072  INFO 25372 --- [main] c.n.d.provider.DiscoveryJerseyProvider   : Using JSON decoding codec LegacyJacksonJson
2020-01-09 17:16:24.149  INFO 25372 --- [main] c.n.d.provider.DiscoveryJerseyProvider   : Using XML encoding codec XStreamXml
2020-01-09 17:16:24.150  INFO 25372 --- [main] c.n.d.provider.DiscoveryJerseyProvider   : Using XML decoding codec XStreamXml
2020-01-09 17:16:24.387  WARN 25372 --- [main] c.n.c.sources.URLConfigurationSource     : No URLs will be polled as dynamic configuration sources.
2020-01-09 17:16:24.387  INFO 25372 --- [main] c.n.c.sources.URLConfigurationSource     : To enable URLs as dynamic configuration sources, define System property archaius.configurationSource.additionalUrls or make config.properties available on classpath.
2020-01-09 17:16:24.510  INFO 25372 --- [main] o.s.s.concurrent.ThreadPoolTaskExecutor  : Initializing ExecutorService 'applicationTaskExecutor'
2020-01-09 17:16:24.789  WARN 25372 --- [main] ockingLoadBalancerClientRibbonWarnLogger : You already have RibbonLoadBalancerClient on your classpath. It will be used by default. As Spring Cloud Ribbon is in maintenance mode. We recommend switching to BlockingLoadBalancerClient instead. In order to use it, set the value of `spring.cloud.loadbalancer.ribbon.enabled` to `false` or remove spring-cloud-starter-netflix-ribbon from your project.
2020-01-09 17:16:24.825  INFO 25372 --- [main] o.s.c.n.eureka.InstanceInfoFactory       : Setting initial instance status as: STARTING
2020-01-09 17:16:24.845  INFO 25372 --- [main] com.netflix.discovery.DiscoveryClient    : Initializing Eureka in region us-east-1
2020-01-09 17:16:24.845  INFO 25372 --- [main] com.netflix.discovery.DiscoveryClient    : Client configured to neither register nor query for data.
2020-01-09 17:16:24.849  INFO 25372 --- [main] com.netflix.discovery.DiscoveryClient    : Discovery Client initialized at timestamp 1578569484848 with initial instances count: 0
2020-01-09 17:16:24.873  INFO 25372 --- [main] c.n.eureka.DefaultEurekaServerContext    : Initializing ...
2020-01-09 17:16:24.874  INFO 25372 --- [main] c.n.eureka.cluster.PeerEurekaNodes       : Adding new peer nodes [http://localhost:8761/eureka/]
2020-01-09 17:16:25.002  INFO 25372 --- [main] c.n.d.provider.DiscoveryJerseyProvider   : Using JSON encoding codec LegacyJacksonJson
2020-01-09 17:16:25.002  INFO 25372 --- [main] c.n.d.provider.DiscoveryJerseyProvider   : Using JSON decoding codec LegacyJacksonJson
2020-01-09 17:16:25.002  INFO 25372 --- [main] c.n.d.provider.DiscoveryJerseyProvider   : Using XML encoding codec XStreamXml
2020-01-09 17:16:25.002  INFO 25372 --- [main] c.n.d.provider.DiscoveryJerseyProvider   : Using XML decoding codec XStreamXml
2020-01-09 17:16:25.082  INFO 25372 --- [main] c.n.eureka.cluster.PeerEurekaNodes       : Replica node URL:  http://localhost:8761/eureka/
2020-01-09 17:16:25.089  INFO 25372 --- [main] c.n.e.registry.AbstractInstanceRegistry  : Finished initializing remote region registries. All known remote regions: []
2020-01-09 17:16:25.089  INFO 25372 --- [main] c.n.eureka.DefaultEurekaServerContext    : Initialized
2020-01-09 17:16:25.102  INFO 25372 --- [main] o.s.b.a.e.web.EndpointLinksResolver      : Exposing 2 endpoint(s) beneath base path '/actuator'
2020-01-09 17:16:25.129  INFO 25372 --- [main] o.s.c.n.e.s.EurekaServiceRegistry        : Registering application REGISTRY with eureka with status UP
2020-01-09 17:16:25.131  INFO 25372 --- [Thread-17] o.s.c.n.e.server.EurekaServerBootstrap   : Setting the eureka configuration..
2020-01-09 17:16:25.132  INFO 25372 --- [Thread-17] o.s.c.n.e.server.EurekaServerBootstrap   : Eureka data center value eureka.datacenter is not set, defaulting to default
2020-01-09 17:16:25.132  INFO 25372 --- [Thread-17] o.s.c.n.e.server.EurekaServerBootstrap   : Eureka environment value eureka.environment is not set, defaulting to test
2020-01-09 17:16:25.140  INFO 25372 --- [Thread-17] o.s.c.n.e.server.EurekaServerBootstrap   : isAws returned false
2020-01-09 17:16:25.141  INFO 25372 --- [Thread-17] o.s.c.n.e.server.EurekaServerBootstrap   : Initialized server context
2020-01-09 17:16:25.141  INFO 25372 --- [Thread-17] c.n.e.r.PeerAwareInstanceRegistryImpl    : Got 1 instances from neighboring DS node
2020-01-09 17:16:25.141  INFO 25372 --- [Thread-17] c.n.e.r.PeerAwareInstanceRegistryImpl    : Renew threshold is: 1
2020-01-09 17:16:25.142  INFO 25372 --- [Thread-17] c.n.e.r.PeerAwareInstanceRegistryImpl    : Changing status to UP
2020-01-09 17:16:25.150  INFO 25372 --- [Thread-17] e.s.EurekaServerInitializerConfiguration : Started Eureka Server
2020-01-09 17:16:25.158  INFO 25372 --- [main] o.s.b.w.embedded.tomcat.TomcatWebServer  : Tomcat started on port(s): 8761 (http) with context path ''
2020-01-09 17:16:25.159  INFO 25372 --- [main] .s.c.n.e.s.EurekaAutoServiceRegistration : Updating port to 8761
2020-01-09 17:16:25.161  INFO 25372 --- [main] s.p.f.r.FleetRegistryServerApplication   : Started FleetRegistryServerApplication in 3.703 seconds (JVM running for 4.183)
2020-01-09 17:16:59.769  INFO 25372 --- [SpringContextShutdownHook] o.s.c.n.e.s.EurekaServiceRegistry        : Unregistering application REGISTRY with eureka with status DOWN
2020-01-09 17:16:59.771  INFO 25372 --- [SpringContextShutdownHook] c.n.eureka.DefaultEurekaServerContext    : Shutting down ...
2020-01-09 17:16:59.772  INFO 25372 --- [SpringContextShutdownHook] c.n.eureka.DefaultEurekaServerContext    : Shut down
2020-01-09 17:16:59.775  INFO 25372 --- [SpringContextShutdownHook] o.s.s.concurrent.ThreadPoolTaskExecutor  : Shutting down ExecutorService 'applicationTaskExecutor'
2020-01-09 17:16:59.778  INFO 25372 --- [SpringContextShutdownHook] com.netflix.discovery.DiscoveryClient    : Shutting down DiscoveryClient ...
2020-01-09 17:16:59.778  INFO 25372 --- [SpringContextShutdownHook] com.netflix.discovery.DiscoveryClient    : Completed shut down of DiscoveryClient
